[2020-11-27 16:18:44] local.ERROR: There are no commands defined in the "voyager" namespace. {"exception":"[object] (Symfony\\Component\\Console\\Exception\\NamespaceNotFoundException(code: 0): There are no commands defined in the \"voyager\" namespace. at /usr/share/nginx/html/vendor/symfony/console/Application.php:581)
[stacktrace]
#0 /usr/share/nginx/html/vendor/symfony/console/Application.php(632): Symfony\\Component\\Console\\Application->findNamespace('voyager')
#1 /usr/share/nginx/html/vendor/symfony/console/Application.php(230): Symfony\\Component\\Console\\Application->find('voyager:install')
#2 /usr/share/nginx/html/vendor/symfony/console/Application.php(142): Symfony\\Component\\Console\\Application->doRun(Object(Symfony\\Component\\Console\\Input\\ArgvInput), Object(Symfony\\Component\\Console\\Output\\ConsoleOutput))
#3 /usr/share/nginx/html/vendor/laravel/framework/src/Illuminate/Console/Application.php(93): Symfony\\Component\\Console\\Application->run(Object(Symfony\\Component\\Console\\Input\\ArgvInput), Object(Symfony\\Component\\Console\\Output\\ConsoleOutput))
#4 /usr/share/nginx/html/vendor/laravel/framework/src/Illuminate/Foundation/Console/Kernel.php(129): Illuminate\\Console\\Application->run(Object(Symfony\\Component\\Console\\Input\\ArgvInput), Object(Symfony\\Component\\Console\\Output\\ConsoleOutput))
#5 /usr/share/nginx/html/artisan(37): Illuminate\\Foundation\\Console\\Kernel->handle(Object(Symfony\\Component\\Console\\Input\\ArgvInput), Object(Symfony\\Component\\Console\\Output\\ConsoleOutput))
#6 {main}
"} 
[2020-11-27 16:30:00] local.ERROR: No Database connection yet in VoyagerServiceProvider loadAuth()  
[2020-11-27 17:35:23] local.ERROR: Invalid route action: [PinController]. {"exception":"[object] (UnexpectedValueException(code: 0): Invalid route action: [PinController]. at /usr/share/nginx/html/vendor/laravel/framework/src/Illuminate/Routing/RouteAction.php:92)
[stacktrace]
#0 /usr/share/nginx/html/vendor/laravel/framework/src/Illuminate/Routing/RouteAction.php(47): Illuminate\\Routing\\RouteAction::makeInvokable('PinController')
#1 /usr/share/nginx/html/vendor/laravel/framework/src/Illuminate/Routing/Route.php(183): Illuminate\\Routing\\RouteAction::parse('pin/store', Array)
#2 /usr/share/nginx/html/vendor/laravel/framework/src/Illuminate/Routing/Route.php(164): Illuminate\\Routing\\Route->parseAction(Array)
#3 /usr/share/nginx/html/vendor/laravel/framework/src/Illuminate/Routing/Router.php(556): Illuminate\\Routing\\Route->__construct('POST', 'pin/store', Array)
#4 /usr/share/nginx/html/vendor/laravel/framework/src/Illuminate/Routing/Router.php(475): Illuminate\\Routing\\Router->newRoute('POST', 'pin/store', Array)
#5 /usr/share/nginx/html/vendor/laravel/framework/src/Illuminate/Routing/Router.php(454): Illuminate\\Routing\\Router->createRoute('POST', 'pin/store', Array)
#6 /usr/share/nginx/html/vendor/laravel/framework/src/Illuminate/Routing/Router.php(158): Illuminate\\Routing\\Router->addRoute('POST', 'pin/store', 'PinController')
#7 /usr/share/nginx/html/vendor/laravel/framework/src/Illuminate/Support/Facades/Facade.php(261): Illuminate\\Routing\\Router->post('pin/store', 'PinController')
#8 /usr/share/nginx/html/routes/web.php(33): Illuminate\\Support\\Facades\\Facade::__callStatic('post', Array)
#9 /usr/share/nginx/html/vendor/laravel/framework/src/Illuminate/Routing/RouteFileRegistrar.php(35): require('/usr/share/ngin...')
#10 /usr/share/nginx/html/vendor/laravel/framework/src/Illuminate/Routing/Router.php(424): Illuminate\\Routing\\RouteFileRegistrar->register('/usr/share/ngin...')
#11 /usr/share/nginx/html/vendor/laravel/framework/src/Illuminate/Routing/Router.php(381): Illuminate\\Routing\\Router->loadRoutes('/usr/share/ngin...')
#12 /usr/share/nginx/html/vendor/laravel/framework/src/Illuminate/Routing/RouteRegistrar.php(135): Illuminate\\Routing\\Router->group(Array, '/usr/share/ngin...')
#13 /usr/share/nginx/html/app/Providers/RouteServiceProvider.php(48): Illuminate\\Routing\\RouteRegistrar->group('/usr/share/ngin...')
#14 /usr/share/nginx/html/vendor/laravel/framework/src/Illuminate/Container/BoundMethod.php(36): App\\Providers\\RouteServiceProvider->App\\Providers\\{closure}()
#15 /usr/share/nginx/html/vendor/laravel/framework/src/Illuminate/Container/Util.php(40): Illuminate\\Container\\BoundMethod::Illuminate\\Container\\{closure}()
#16 /usr/share/nginx/html/vendor/laravel/framework/src/Illuminate/Container/BoundMethod.php(81): Illuminate\\Container\\Util::unwrapIfClosure(Object(Closure))
#17 /usr/share/nginx/html/vendor/laravel/framework/src/Illuminate/Container/BoundMethod.php(37): Illuminate\\Container\\BoundMethod::callBoundMethod(Object(Illuminate\\Foundation\\Application), Object(Closure), Object(Closure))
#18 /usr/share/nginx/html/vendor/laravel/framework/src/Illuminate/Container/Container.php(610): Illuminate\\Container\\BoundMethod::call(Object(Illuminate\\Foundation\\Application), Object(Closure), Array, NULL)
#19 /usr/share/nginx/html/vendor/laravel/framework/src/Illuminate/Foundation/Support/Providers/RouteServiceProvider.php(120): Illuminate\\Container\\Container->call(Object(Closure))
#20 /usr/share/nginx/html/vendor/laravel/framework/src/Illuminate/Foundation/Support/Providers/RouteServiceProvider.php(45): Illuminate\\Foundation\\Support\\Providers\\RouteServiceProvider->loadRoutes()
#21 /usr/share/nginx/html/vendor/laravel/framework/src/Illuminate/Container/BoundMethod.php(36): Illuminate\\Foundation\\Support\\Providers\\RouteServiceProvider->Illuminate\\Foundation\\Support\\Providers\\{closure}()
#22 /usr/share/nginx/html/vendor/laravel/framework/src/Illuminate/Container/Util.php(40): Illuminate\\Container\\BoundMethod::Illuminate\\Container\\{closure}()
#23 /usr/share/nginx/html/vendor/laravel/framework/src/Illuminate/Container/BoundMethod.php(81): Illuminate\\Container\\Util::unwrapIfClosure(Object(Closure))
#24 /usr/share/nginx/html/vendor/laravel/framework/src/Illuminate/Container/BoundMethod.php(37): Illuminate\\Container\\BoundMethod::callBoundMethod(Object(Illuminate\\Foundation\\Application), Object(Closure), Object(Closure))
#25 /usr/share/nginx/html/vendor/laravel/framework/src/Illuminate/Container/Container.php(610): Illuminate\\Container\\BoundMethod::call(Object(Illuminate\\Foundation\\Application), Object(Closure), Array, NULL)
#26 /usr/share/nginx/html/vendor/laravel/framework/src/Illuminate/Support/ServiceProvider.php(113): Illuminate\\Container\\Container->call(Object(Closure))
#27 /usr/share/nginx/html/vendor/laravel/framework/src/Illuminate/Foundation/Application.php(872): Illuminate\\Support\\ServiceProvider->callBootedCallbacks()
#28 /usr/share/nginx/html/vendor/laravel/framework/src/Illuminate/Foundation/Application.php(850): Illuminate\\Foundation\\Application->bootProvider(Object(App\\Providers\\RouteServiceProvider))
#29 [internal function]: Illuminate\\Foundation\\Application->Illuminate\\Foundation\\{closure}(Object(App\\Providers\\RouteServiceProvider), 31)
#30 /usr/share/nginx/html/vendor/laravel/framework/src/Illuminate/Foundation/Application.php(851): array_walk(Array, Object(Closure))
#31 /usr/share/nginx/html/vendor/laravel/framework/src/Illuminate/Foundation/Bootstrap/BootProviders.php(17): Illuminate\\Foundation\\Application->boot()
#32 /usr/share/nginx/html/vendor/laravel/framework/src/Illuminate/Foundation/Application.php(230): Illuminate\\Foundation\\Bootstrap\\BootProviders->bootstrap(Object(Illuminate\\Foundation\\Application))
#33 /usr/share/nginx/html/vendor/laravel/framework/src/Illuminate/Foundation/Http/Kernel.php(152): Illuminate\\Foundation\\Application->bootstrapWith(Array)
#34 /usr/share/nginx/html/vendor/laravel/framework/src/Illuminate/Foundation/Http/Kernel.php(136): Illuminate\\Foundation\\Http\\Kernel->bootstrap()
#35 /usr/share/nginx/html/vendor/laravel/framework/src/Illuminate/Foundation/Http/Kernel.php(110): Illuminate\\Foundation\\Http\\Kernel->sendRequestThroughRouter(Object(Illuminate\\Http\\Request))
#36 /usr/share/nginx/html/public/index.php(52): Illuminate\\Foundation\\Http\\Kernel->handle(Object(Illuminate\\Http\\Request))
#37 {main}
"} 
[2020-11-27 17:35:24] local.ERROR: Invalid route action: [PinController]. {"exception":"[object] (UnexpectedValueException(code: 0): Invalid route action: [PinController]. at /usr/share/nginx/html/vendor/laravel/framework/src/Illuminate/Routing/RouteAction.php:92)
[stacktrace]
#0 /usr/share/nginx/html/vendor/laravel/framework/src/Illuminate/Routing/RouteAction.php(47): Illuminate\\Routing\\RouteAction::makeInvokable('PinController')
#1 /usr/share/nginx/html/vendor/laravel/framework/src/Illuminate/Routing/Route.php(183): Illuminate\\Routing\\RouteAction::parse('pin/store', Array)
#2 /usr/share/nginx/html/vendor/laravel/framework/src/Illuminate/Routing/Route.php(164): Illuminate\\Routing\\Route->parseAction(Array)
#3 /usr/share/nginx/html/vendor/laravel/framework/src/Illuminate/Routing/Router.php(556): Illuminate\\Routing\\Route->__construct('POST', 'pin/store', Array)
#4 /usr/share/nginx/html/vendor/laravel/framework/src/Illuminate/Routing/Router.php(475): Illuminate\\Routing\\Router->newRoute('POST', 'pin/store', Array)
#5 /usr/share/nginx/html/vendor/laravel/framework/src/Illuminate/Routing/Router.php(454): Illuminate\\Routing\\Router->createRoute('POST', 'pin/store', Array)
#6 /usr/share/nginx/html/vendor/laravel/framework/src/Illuminate/Routing/Router.php(158): Illuminate\\Routing\\Router->addRoute('POST', 'pin/store', 'PinController')
#7 /usr/share/nginx/html/vendor/laravel/framework/src/Illuminate/Support/Facades/Facade.php(261): Illuminate\\Routing\\Router->post('pin/store', 'PinController')
#8 /usr/share/nginx/html/routes/web.php(33): Illuminate\\Support\\Facades\\Facade::__callStatic('post', Array)
#9 /usr/share/nginx/html/vendor/laravel/framework/src/Illuminate/Routing/RouteFileRegistrar.php(35): require('/usr/share/ngin...')
#10 /usr/share/nginx/html/vendor/laravel/framework/src/Illuminate/Routing/Router.php(424): Illuminate\\Routing\\RouteFileRegistrar->register('/usr/share/ngin...')
#11 /usr/share/nginx/html/vendor/laravel/framework/src/Illuminate/Routing/Router.php(381): Illuminate\\Routing\\Router->loadRoutes('/usr/share/ngin...')
#12 /usr/share/nginx/html/vendor/laravel/framework/src/Illuminate/Routing/RouteRegistrar.php(135): Illuminate\\Routing\\Router->group(Array, '/usr/share/ngin...')
#13 /usr/share/nginx/html/app/Providers/RouteServiceProvider.php(48): Illuminate\\Routing\\RouteRegistrar->group('/usr/share/ngin...')
#14 /usr/share/nginx/html/vendor/laravel/framework/src/Illuminate/Container/BoundMethod.php(36): App\\Providers\\RouteServiceProvider->App\\Providers\\{closure}()
#15 /usr/share/nginx/html/vendor/laravel/framework/src/Illuminate/Container/Util.php(40): Illuminate\\Container\\BoundMethod::Illuminate\\Container\\{closure}()
#16 /usr/share/nginx/html/vendor/laravel/framework/src/Illuminate/Container/BoundMethod.php(81): Illuminate\\Container\\Util::unwrapIfClosure(Object(Closure))
#17 /usr/share/nginx/html/vendor/laravel/framework/src/Illuminate/Container/BoundMethod.php(37): Illuminate\\Container\\BoundMethod::callBoundMethod(Object(Illuminate\\Foundation\\Application), Object(Closure), Object(Closure))
#18 /usr/share/nginx/html/vendor/laravel/framework/src/Illuminate/Container/Container.php(610): Illuminate\\Container\\BoundMethod::call(Object(Illuminate\\Foundation\\Application), Object(Closure), Array, NULL)
#19 /usr/share/nginx/html/vendor/laravel/framework/src/Illuminate/Foundation/Support/Providers/RouteServiceProvider.php(120): Illuminate\\Container\\Container->call(Object(Closure))
#20 /usr/share/nginx/html/vendor/laravel/framework/src/Illuminate/Foundation/Support/Providers/RouteServiceProvider.php(45): Illuminate\\Foundation\\Support\\Providers\\RouteServiceProvider->loadRoutes()
#21 /usr/share/nginx/html/vendor/laravel/framework/src/Illuminate/Container/BoundMethod.php(36): Illuminate\\Foundation\\Support\\Providers\\RouteServiceProvider->Illuminate\\Foundation\\Support\\Providers\\{closure}()
#22 /usr/share/nginx/html/vendor/laravel/framework/src/Illuminate/Container/Util.php(40): Illuminate\\Container\\BoundMethod::Illuminate\\Container\\{closure}()
#23 /usr/share/nginx/html/vendor/laravel/framework/src/Illuminate/Container/BoundMethod.php(81): Illuminate\\Container\\Util::unwrapIfClosure(Object(Closure))
#24 /usr/share/nginx/html/vendor/laravel/framework/src/Illuminate/Container/BoundMethod.php(37): Illuminate\\Container\\BoundMethod::callBoundMethod(Object(Illuminate\\Foundation\\Application), Object(Closure), Object(Closure))
#25 /usr/share/nginx/html/vendor/laravel/framework/src/Illuminate/Container/Container.php(610): Illuminate\\Container\\BoundMethod::call(Object(Illuminate\\Foundation\\Application), Object(Closure), Array, NULL)
#26 /usr/share/nginx/html/vendor/laravel/framework/src/Illuminate/Support/ServiceProvider.php(113): Illuminate\\Container\\Container->call(Object(Closure))
#27 /usr/share/nginx/html/vendor/laravel/framework/src/Illuminate/Foundation/Application.php(872): Illuminate\\Support\\ServiceProvider->callBootedCallbacks()
#28 /usr/share/nginx/html/vendor/laravel/framework/src/Illuminate/Foundation/Application.php(850): Illuminate\\Foundation\\Application->bootProvider(Object(App\\Providers\\RouteServiceProvider))
#29 [internal function]: Illuminate\\Foundation\\Application->Illuminate\\Foundation\\{closure}(Object(App\\Providers\\RouteServiceProvider), 31)
#30 /usr/share/nginx/html/vendor/laravel/framework/src/Illuminate/Foundation/Application.php(851): array_walk(Array, Object(Closure))
#31 /usr/share/nginx/html/vendor/laravel/framework/src/Illuminate/Foundation/Bootstrap/BootProviders.php(17): Illuminate\\Foundation\\Application->boot()
#32 /usr/share/nginx/html/vendor/laravel/framework/src/Illuminate/Foundation/Application.php(230): Illuminate\\Foundation\\Bootstrap\\BootProviders->bootstrap(Object(Illuminate\\Foundation\\Application))
#33 /usr/share/nginx/html/vendor/laravel/framework/src/Illuminate/Foundation/Http/Kernel.php(152): Illuminate\\Foundation\\Application->bootstrapWith(Array)
#34 /usr/share/nginx/html/vendor/laravel/framework/src/Illuminate/Foundation/Http/Kernel.php(136): Illuminate\\Foundation\\Http\\Kernel->bootstrap()
#35 /usr/share/nginx/html/vendor/laravel/framework/src/Illuminate/Foundation/Http/Kernel.php(110): Illuminate\\Foundation\\Http\\Kernel->sendRequestThroughRouter(Object(Illuminate\\Http\\Request))
#36 /usr/share/nginx/html/public/index.php(52): Illuminate\\Foundation\\Http\\Kernel->handle(Object(Illuminate\\Http\\Request))
#37 {main}
"} 
[2020-11-27 17:36:49] local.ERROR: Invalid route action: [PinController]. {"exception":"[object] (UnexpectedValueException(code: 0): Invalid route action: [PinController]. at /usr/share/nginx/html/vendor/laravel/framework/src/Illuminate/Routing/RouteAction.php:92)
[stacktrace]
#0 /usr/share/nginx/html/vendor/laravel/framework/src/Illuminate/Routing/RouteAction.php(47): Illuminate\\Routing\\RouteAction::makeInvokable('PinController')
#1 /usr/share/nginx/html/vendor/laravel/framework/src/Illuminate/Routing/Route.php(183): Illuminate\\Routing\\RouteAction::parse('pin/store', Array)
#2 /usr/share/nginx/html/vendor/laravel/framework/src/Illuminate/Routing/Route.php(164): Illuminate\\Routing\\Route->parseAction(Array)
#3 /usr/share/nginx/html/vendor/laravel/framework/src/Illuminate/Routing/Router.php(556): Illuminate\\Routing\\Route->__construct('POST', 'pin/store', Array)
#4 /usr/share/nginx/html/vendor/laravel/framework/src/Illuminate/Routing/Router.php(475): Illuminate\\Routing\\Router->newRoute('POST', 'pin/store', Array)
#5 /usr/share/nginx/html/vendor/laravel/framework/src/Illuminate/Routing/Router.php(454): Illuminate\\Routing\\Router->createRoute('POST', 'pin/store', Array)
#6 /usr/share/nginx/html/vendor/laravel/framework/src/Illuminate/Routing/Router.php(158): Illuminate\\Routing\\Router->addRoute('POST', 'pin/store', 'PinController')
#7 /usr/share/nginx/html/vendor/laravel/framework/src/Illuminate/Support/Facades/Facade.php(261): Illuminate\\Routing\\Router->post('pin/store', 'PinController')
#8 /usr/share/nginx/html/routes/web.php(33): Illuminate\\Support\\Facades\\Facade::__callStatic('post', Array)
#9 /usr/share/nginx/html/vendor/laravel/framework/src/Illuminate/Routing/RouteFileRegistrar.php(35): require('/usr/share/ngin...')
#10 /usr/share/nginx/html/vendor/laravel/framework/src/Illuminate/Routing/Router.php(424): Illuminate\\Routing\\RouteFileRegistrar->register('/usr/share/ngin...')
#11 /usr/share/nginx/html/vendor/laravel/framework/src/Illuminate/Routing/Router.php(381): Illuminate\\Routing\\Router->loadRoutes('/usr/share/ngin...')
#12 /usr/share/nginx/html/vendor/laravel/framework/src/Illuminate/Routing/RouteRegistrar.php(135): Illuminate\\Routing\\Router->group(Array, '/usr/share/ngin...')
#13 /usr/share/nginx/html/app/Providers/RouteServiceProvider.php(48): Illuminate\\Routing\\RouteRegistrar->group('/usr/share/ngin...')
#14 /usr/share/nginx/html/vendor/laravel/framework/src/Illuminate/Container/BoundMethod.php(36): App\\Providers\\RouteServiceProvider->App\\Providers\\{closure}()
#15 /usr/share/nginx/html/vendor/laravel/framework/src/Illuminate/Container/Util.php(40): Illuminate\\Container\\BoundMethod::Illuminate\\Container\\{closure}()
#16 /usr/share/nginx/html/vendor/laravel/framework/src/Illuminate/Container/BoundMethod.php(81): Illuminate\\Container\\Util::unwrapIfClosure(Object(Closure))
#17 /usr/share/nginx/html/vendor/laravel/framework/src/Illuminate/Container/BoundMethod.php(37): Illuminate\\Container\\BoundMethod::callBoundMethod(Object(Illuminate\\Foundation\\Application), Object(Closure), Object(Closure))
#18 /usr/share/nginx/html/vendor/laravel/framework/src/Illuminate/Container/Container.php(610): Illuminate\\Container\\BoundMethod::call(Object(Illuminate\\Foundation\\Application), Object(Closure), Array, NULL)
#19 /usr/share/nginx/html/vendor/laravel/framework/src/Illuminate/Foundation/Support/Providers/RouteServiceProvider.php(120): Illuminate\\Container\\Container->call(Object(Closure))
#20 /usr/share/nginx/html/vendor/laravel/framework/src/Illuminate/Foundation/Support/Providers/RouteServiceProvider.php(45): Illuminate\\Foundation\\Support\\Providers\\RouteServiceProvider->loadRoutes()
#21 /usr/share/nginx/html/vendor/laravel/framework/src/Illuminate/Container/BoundMethod.php(36): Illuminate\\Foundation\\Support\\Providers\\RouteServiceProvider->Illuminate\\Foundation\\Support\\Providers\\{closure}()
#22 /usr/share/nginx/html/vendor/laravel/framework/src/Illuminate/Container/Util.php(40): Illuminate\\Container\\BoundMethod::Illuminate\\Container\\{closure}()
#23 /usr/share/nginx/html/vendor/laravel/framework/src/Illuminate/Container/BoundMethod.php(81): Illuminate\\Container\\Util::unwrapIfClosure(Object(Closure))
#24 /usr/share/nginx/html/vendor/laravel/framework/src/Illuminate/Container/BoundMethod.php(37): Illuminate\\Container\\BoundMethod::callBoundMethod(Object(Illuminate\\Foundation\\Application), Object(Closure), Object(Closure))
#25 /usr/share/nginx/html/vendor/laravel/framework/src/Illuminate/Container/Container.php(610): Illuminate\\Container\\BoundMethod::call(Object(Illuminate\\Foundation\\Application), Object(Closure), Array, NULL)
#26 /usr/share/nginx/html/vendor/laravel/framework/src/Illuminate/Support/ServiceProvider.php(113): Illuminate\\Container\\Container->call(Object(Closure))
#27 /usr/share/nginx/html/vendor/laravel/framework/src/Illuminate/Foundation/Application.php(872): Illuminate\\Support\\ServiceProvider->callBootedCallbacks()
#28 /usr/share/nginx/html/vendor/laravel/framework/src/Illuminate/Foundation/Application.php(850): Illuminate\\Foundation\\Application->bootProvider(Object(App\\Providers\\RouteServiceProvider))
#29 [internal function]: Illuminate\\Foundation\\Application->Illuminate\\Foundation\\{closure}(Object(App\\Providers\\RouteServiceProvider), 31)
#30 /usr/share/nginx/html/vendor/laravel/framework/src/Illuminate/Foundation/Application.php(851): array_walk(Array, Object(Closure))
#31 /usr/share/nginx/html/vendor/laravel/framework/src/Illuminate/Foundation/Bootstrap/BootProviders.php(17): Illuminate\\Foundation\\Application->boot()
#32 /usr/share/nginx/html/vendor/laravel/framework/src/Illuminate/Foundation/Application.php(230): Illuminate\\Foundation\\Bootstrap\\BootProviders->bootstrap(Object(Illuminate\\Foundation\\Application))
#33 /usr/share/nginx/html/vendor/laravel/framework/src/Illuminate/Foundation/Http/Kernel.php(152): Illuminate\\Foundation\\Application->bootstrapWith(Array)
#34 /usr/share/nginx/html/vendor/laravel/framework/src/Illuminate/Foundation/Http/Kernel.php(136): Illuminate\\Foundation\\Http\\Kernel->bootstrap()
#35 /usr/share/nginx/html/vendor/laravel/framework/src/Illuminate/Foundation/Http/Kernel.php(110): Illuminate\\Foundation\\Http\\Kernel->sendRequestThroughRouter(Object(Illuminate\\Http\\Request))
#36 /usr/share/nginx/html/public/index.php(52): Illuminate\\Foundation\\Http\\Kernel->handle(Object(Illuminate\\Http\\Request))
#37 {main}
"} 
[2020-11-27 17:36:50] local.ERROR: Invalid route action: [PinController]. {"exception":"[object] (UnexpectedValueException(code: 0): Invalid route action: [PinController]. at /usr/share/nginx/html/vendor/laravel/framework/src/Illuminate/Routing/RouteAction.php:92)
[stacktrace]
#0 /usr/share/nginx/html/vendor/laravel/framework/src/Illuminate/Routing/RouteAction.php(47): Illuminate\\Routing\\RouteAction::makeInvokable('PinController')
#1 /usr/share/nginx/html/vendor/laravel/framework/src/Illuminate/Routing/Route.php(183): Illuminate\\Routing\\RouteAction::parse('pin/store', Array)
#2 /usr/share/nginx/html/vendor/laravel/framework/src/Illuminate/Routing/Route.php(164): Illuminate\\Routing\\Route->parseAction(Array)
#3 /usr/share/nginx/html/vendor/laravel/framework/src/Illuminate/Routing/Router.php(556): Illuminate\\Routing\\Route->__construct('POST', 'pin/store', Array)
#4 /usr/share/nginx/html/vendor/laravel/framework/src/Illuminate/Routing/Router.php(475): Illuminate\\Routing\\Router->newRoute('POST', 'pin/store', Array)
#5 /usr/share/nginx/html/vendor/laravel/framework/src/Illuminate/Routing/Router.php(454): Illuminate\\Routing\\Router->createRoute('POST', 'pin/store', Array)
#6 /usr/share/nginx/html/vendor/laravel/framework/src/Illuminate/Routing/Router.php(158): Illuminate\\Routing\\Router->addRoute('POST', 'pin/store', 'PinController')
#7 /usr/share/nginx/html/vendor/laravel/framework/src/Illuminate/Support/Facades/Facade.php(261): Illuminate\\Routing\\Router->post('pin/store', 'PinController')
#8 /usr/share/nginx/html/routes/web.php(33): Illuminate\\Support\\Facades\\Facade::__callStatic('post', Array)
#9 /usr/share/nginx/html/vendor/laravel/framework/src/Illuminate/Routing/RouteFileRegistrar.php(35): require('/usr/share/ngin...')
#10 /usr/share/nginx/html/vendor/laravel/framework/src/Illuminate/Routing/Router.php(424): Illuminate\\Routing\\RouteFileRegistrar->register('/usr/share/ngin...')
#11 /usr/share/nginx/html/vendor/laravel/framework/src/Illuminate/Routing/Router.php(381): Illuminate\\Routing\\Router->loadRoutes('/usr/share/ngin...')
#12 /usr/share/nginx/html/vendor/laravel/framework/src/Illuminate/Routing/RouteRegistrar.php(135): Illuminate\\Routing\\Router->group(Array, '/usr/share/ngin...')
#13 /usr/share/nginx/html/app/Providers/RouteServiceProvider.php(48): Illuminate\\Routing\\RouteRegistrar->group('/usr/share/ngin...')
#14 /usr/share/nginx/html/vendor/laravel/framework/src/Illuminate/Container/BoundMethod.php(36): App\\Providers\\RouteServiceProvider->App\\Providers\\{closure}()
#15 /usr/share/nginx/html/vendor/laravel/framework/src/Illuminate/Container/Util.php(40): Illuminate\\Container\\BoundMethod::Illuminate\\Container\\{closure}()
#16 /usr/share/nginx/html/vendor/laravel/framework/src/Illuminate/Container/BoundMethod.php(81): Illuminate\\Container\\Util::unwrapIfClosure(Object(Closure))
#17 /usr/share/nginx/html/vendor/laravel/framework/src/Illuminate/Container/BoundMethod.php(37): Illuminate\\Container\\BoundMethod::callBoundMethod(Object(Illuminate\\Foundation\\Application), Object(Closure), Object(Closure))
#18 /usr/share/nginx/html/vendor/laravel/framework/src/Illuminate/Container/Container.php(610): Illuminate\\Container\\BoundMethod::call(Object(Illuminate\\Foundation\\Application), Object(Closure), Array, NULL)
#19 /usr/share/nginx/html/vendor/laravel/framework/src/Illuminate/Foundation/Support/Providers/RouteServiceProvider.php(120): Illuminate\\Container\\Container->call(Object(Closure))
#20 /usr/share/nginx/html/vendor/laravel/framework/src/Illuminate/Foundation/Support/Providers/RouteServiceProvider.php(45): Illuminate\\Foundation\\Support\\Providers\\RouteServiceProvider->loadRoutes()
#21 /usr/share/nginx/html/vendor/laravel/framework/src/Illuminate/Container/BoundMethod.php(36): Illuminate\\Foundation\\Support\\Providers\\RouteServiceProvider->Illuminate\\Foundation\\Support\\Providers\\{closure}()
#22 /usr/share/nginx/html/vendor/laravel/framework/src/Illuminate/Container/Util.php(40): Illuminate\\Container\\BoundMethod::Illuminate\\Container\\{closure}()
#23 /usr/share/nginx/html/vendor/laravel/framework/src/Illuminate/Container/BoundMethod.php(81): Illuminate\\Container\\Util::unwrapIfClosure(Object(Closure))
#24 /usr/share/nginx/html/vendor/laravel/framework/src/Illuminate/Container/BoundMethod.php(37): Illuminate\\Container\\BoundMethod::callBoundMethod(Object(Illuminate\\Foundation\\Application), Object(Closure), Object(Closure))
#25 /usr/share/nginx/html/vendor/laravel/framework/src/Illuminate/Container/Container.php(610): Illuminate\\Container\\BoundMethod::call(Object(Illuminate\\Foundation\\Application), Object(Closure), Array, NULL)
#26 /usr/share/nginx/html/vendor/laravel/framework/src/Illuminate/Support/ServiceProvider.php(113): Illuminate\\Container\\Container->call(Object(Closure))
#27 /usr/share/nginx/html/vendor/laravel/framework/src/Illuminate/Foundation/Application.php(872): Illuminate\\Support\\ServiceProvider->callBootedCallbacks()
#28 /usr/share/nginx/html/vendor/laravel/framework/src/Illuminate/Foundation/Application.php(850): Illuminate\\Foundation\\Application->bootProvider(Object(App\\Providers\\RouteServiceProvider))
#29 [internal function]: Illuminate\\Foundation\\Application->Illuminate\\Foundation\\{closure}(Object(App\\Providers\\RouteServiceProvider), 31)
#30 /usr/share/nginx/html/vendor/laravel/framework/src/Illuminate/Foundation/Application.php(851): array_walk(Array, Object(Closure))
#31 /usr/share/nginx/html/vendor/laravel/framework/src/Illuminate/Foundation/Bootstrap/BootProviders.php(17): Illuminate\\Foundation\\Application->boot()
#32 /usr/share/nginx/html/vendor/laravel/framework/src/Illuminate/Foundation/Application.php(230): Illuminate\\Foundation\\Bootstrap\\BootProviders->bootstrap(Object(Illuminate\\Foundation\\Application))
#33 /usr/share/nginx/html/vendor/laravel/framework/src/Illuminate/Foundation/Http/Kernel.php(152): Illuminate\\Foundation\\Application->bootstrapWith(Array)
#34 /usr/share/nginx/html/vendor/laravel/framework/src/Illuminate/Foundation/Http/Kernel.php(136): Illuminate\\Foundation\\Http\\Kernel->bootstrap()
#35 /usr/share/nginx/html/vendor/laravel/framework/src/Illuminate/Foundation/Http/Kernel.php(110): Illuminate\\Foundation\\Http\\Kernel->sendRequestThroughRouter(Object(Illuminate\\Http\\Request))
#36 /usr/share/nginx/html/public/index.php(52): Illuminate\\Foundation\\Http\\Kernel->handle(Object(Illuminate\\Http\\Request))
#37 {main}
"} 
[2020-11-27 17:37:29] local.ERROR: Invalid route action: [PinController]. {"exception":"[object] (UnexpectedValueException(code: 0): Invalid route action: [PinController]. at /usr/share/nginx/html/vendor/laravel/framework/src/Illuminate/Routing/RouteAction.php:92)
[stacktrace]
#0 /usr/share/nginx/html/vendor/laravel/framework/src/Illuminate/Routing/RouteAction.php(47): Illuminate\\Routing\\RouteAction::makeInvokable('PinController')
#1 /usr/share/nginx/html/vendor/laravel/framework/src/Illuminate/Routing/Route.php(183): Illuminate\\Routing\\RouteAction::parse('pin/store', Array)
#2 /usr/share/nginx/html/vendor/laravel/framework/src/Illuminate/Routing/Route.php(164): Illuminate\\Routing\\Route->parseAction(Array)
#3 /usr/share/nginx/html/vendor/laravel/framework/src/Illuminate/Routing/Router.php(556): Illuminate\\Routing\\Route->__construct('POST', 'pin/store', Array)
#4 /usr/share/nginx/html/vendor/laravel/framework/src/Illuminate/Routing/Router.php(475): Illuminate\\Routing\\Router->newRoute('POST', 'pin/store', Array)
#5 /usr/share/nginx/html/vendor/laravel/framework/src/Illuminate/Routing/Router.php(454): Illuminate\\Routing\\Router->createRoute('POST', 'pin/store', Array)
#6 /usr/share/nginx/html/vendor/laravel/framework/src/Illuminate/Routing/Router.php(158): Illuminate\\Routing\\Router->addRoute('POST', 'pin/store', 'PinController')
#7 /usr/share/nginx/html/vendor/laravel/framework/src/Illuminate/Support/Facades/Facade.php(261): Illuminate\\Routing\\Router->post('pin/store', 'PinController')
#8 /usr/share/nginx/html/routes/web.php(33): Illuminate\\Support\\Facades\\Facade::__callStatic('post', Array)
#9 /usr/share/nginx/html/vendor/laravel/framework/src/Illuminate/Routing/RouteFileRegistrar.php(35): require('/usr/share/ngin...')
#10 /usr/share/nginx/html/vendor/laravel/framework/src/Illuminate/Routing/Router.php(424): Illuminate\\Routing\\RouteFileRegistrar->register('/usr/share/ngin...')
#11 /usr/share/nginx/html/vendor/laravel/framework/src/Illuminate/Routing/Router.php(381): Illuminate\\Routing\\Router->loadRoutes('/usr/share/ngin...')
#12 /usr/share/nginx/html/vendor/laravel/framework/src/Illuminate/Routing/RouteRegistrar.php(135): Illuminate\\Routing\\Router->group(Array, '/usr/share/ngin...')
#13 /usr/share/nginx/html/app/Providers/RouteServiceProvider.php(48): Illuminate\\Routing\\RouteRegistrar->group('/usr/share/ngin...')
#14 /usr/share/nginx/html/vendor/laravel/framework/src/Illuminate/Container/BoundMethod.php(36): App\\Providers\\RouteServiceProvider->App\\Providers\\{closure}()
#15 /usr/share/nginx/html/vendor/laravel/framework/src/Illuminate/Container/Util.php(40): Illuminate\\Container\\BoundMethod::Illuminate\\Container\\{closure}()
#16 /usr/share/nginx/html/vendor/laravel/framework/src/Illuminate/Container/BoundMethod.php(81): Illuminate\\Container\\Util::unwrapIfClosure(Object(Closure))
#17 /usr/share/nginx/html/vendor/laravel/framework/src/Illuminate/Container/BoundMethod.php(37): Illuminate\\Container\\BoundMethod::callBoundMethod(Object(Illuminate\\Foundation\\Application), Object(Closure), Object(Closure))
#18 /usr/share/nginx/html/vendor/laravel/framework/src/Illuminate/Container/Container.php(610): Illuminate\\Container\\BoundMethod::call(Object(Illuminate\\Foundation\\Application), Object(Closure), Array, NULL)
#19 /usr/share/nginx/html/vendor/laravel/framework/src/Illuminate/Foundation/Support/Providers/RouteServiceProvider.php(120): Illuminate\\Container\\Container->call(Object(Closure))
#20 /usr/share/nginx/html/vendor/laravel/framework/src/Illuminate/Foundation/Support/Providers/RouteServiceProvider.php(45): Illuminate\\Foundation\\Support\\Providers\\RouteServiceProvider->loadRoutes()
#21 /usr/share/nginx/html/vendor/laravel/framework/src/Illuminate/Container/BoundMethod.php(36): Illuminate\\Foundation\\Support\\Providers\\RouteServiceProvider->Illuminate\\Foundation\\Support\\Providers\\{closure}()
#22 /usr/share/nginx/html/vendor/laravel/framework/src/Illuminate/Container/Util.php(40): Illuminate\\Container\\BoundMethod::Illuminate\\Container\\{closure}()
#23 /usr/share/nginx/html/vendor/laravel/framework/src/Illuminate/Container/BoundMethod.php(81): Illuminate\\Container\\Util::unwrapIfClosure(Object(Closure))
#24 /usr/share/nginx/html/vendor/laravel/framework/src/Illuminate/Container/BoundMethod.php(37): Illuminate\\Container\\BoundMethod::callBoundMethod(Object(Illuminate\\Foundation\\Application), Object(Closure), Object(Closure))
#25 /usr/share/nginx/html/vendor/laravel/framework/src/Illuminate/Container/Container.php(610): Illuminate\\Container\\BoundMethod::call(Object(Illuminate\\Foundation\\Application), Object(Closure), Array, NULL)
#26 /usr/share/nginx/html/vendor/laravel/framework/src/Illuminate/Support/ServiceProvider.php(113): Illuminate\\Container\\Container->call(Object(Closure))
#27 /usr/share/nginx/html/vendor/laravel/framework/src/Illuminate/Foundation/Application.php(872): Illuminate\\Support\\ServiceProvider->callBootedCallbacks()
#28 /usr/share/nginx/html/vendor/laravel/framework/src/Illuminate/Foundation/Application.php(850): Illuminate\\Foundation\\Application->bootProvider(Object(App\\Providers\\RouteServiceProvider))
#29 [internal function]: Illuminate\\Foundation\\Application->Illuminate\\Foundation\\{closure}(Object(App\\Providers\\RouteServiceProvider), 31)
#30 /usr/share/nginx/html/vendor/laravel/framework/src/Illuminate/Foundation/Application.php(851): array_walk(Array, Object(Closure))
#31 /usr/share/nginx/html/vendor/laravel/framework/src/Illuminate/Foundation/Bootstrap/BootProviders.php(17): Illuminate\\Foundation\\Application->boot()
#32 /usr/share/nginx/html/vendor/laravel/framework/src/Illuminate/Foundation/Application.php(230): Illuminate\\Foundation\\Bootstrap\\BootProviders->bootstrap(Object(Illuminate\\Foundation\\Application))
#33 /usr/share/nginx/html/vendor/laravel/framework/src/Illuminate/Foundation/Http/Kernel.php(152): Illuminate\\Foundation\\Application->bootstrapWith(Array)
#34 /usr/share/nginx/html/vendor/laravel/framework/src/Illuminate/Foundation/Http/Kernel.php(136): Illuminate\\Foundation\\Http\\Kernel->bootstrap()
#35 /usr/share/nginx/html/vendor/laravel/framework/src/Illuminate/Foundation/Http/Kernel.php(110): Illuminate\\Foundation\\Http\\Kernel->sendRequestThroughRouter(Object(Illuminate\\Http\\Request))
#36 /usr/share/nginx/html/public/index.php(52): Illuminate\\Foundation\\Http\\Kernel->handle(Object(Illuminate\\Http\\Request))
#37 {main}
"} 
[2020-11-27 17:37:30] local.ERROR: Invalid route action: [PinController]. {"exception":"[object] (UnexpectedValueException(code: 0): Invalid route action: [PinController]. at /usr/share/nginx/html/vendor/laravel/framework/src/Illuminate/Routing/RouteAction.php:92)
[stacktrace]
#0 /usr/share/nginx/html/vendor/laravel/framework/src/Illuminate/Routing/RouteAction.php(47): Illuminate\\Routing\\RouteAction::makeInvokable('PinController')
#1 /usr/share/nginx/html/vendor/laravel/framework/src/Illuminate/Routing/Route.php(183): Illuminate\\Routing\\RouteAction::parse('pin/store', Array)
#2 /usr/share/nginx/html/vendor/laravel/framework/src/Illuminate/Routing/Route.php(164): Illuminate\\Routing\\Route->parseAction(Array)
#3 /usr/share/nginx/html/vendor/laravel/framework/src/Illuminate/Routing/Router.php(556): Illuminate\\Routing\\Route->__construct('POST', 'pin/store', Array)
#4 /usr/share/nginx/html/vendor/laravel/framework/src/Illuminate/Routing/Router.php(475): Illuminate\\Routing\\Router->newRoute('POST', 'pin/store', Array)
#5 /usr/share/nginx/html/vendor/laravel/framework/src/Illuminate/Routing/Router.php(454): Illuminate\\Routing\\Router->createRoute('POST', 'pin/store', Array)
#6 /usr/share/nginx/html/vendor/laravel/framework/src/Illuminate/Routing/Router.php(158): Illuminate\\Routing\\Router->addRoute('POST', 'pin/store', 'PinController')
#7 /usr/share/nginx/html/vendor/laravel/framework/src/Illuminate/Support/Facades/Facade.php(261): Illuminate\\Routing\\Router->post('pin/store', 'PinController')
#8 /usr/share/nginx/html/routes/web.php(33): Illuminate\\Support\\Facades\\Facade::__callStatic('post', Array)
#9 /usr/share/nginx/html/vendor/laravel/framework/src/Illuminate/Routing/RouteFileRegistrar.php(35): require('/usr/share/ngin...')
#10 /usr/share/nginx/html/vendor/laravel/framework/src/Illuminate/Routing/Router.php(424): Illuminate\\Routing\\RouteFileRegistrar->register('/usr/share/ngin...')
#11 /usr/share/nginx/html/vendor/laravel/framework/src/Illuminate/Routing/Router.php(381): Illuminate\\Routing\\Router->loadRoutes('/usr/share/ngin...')
#12 /usr/share/nginx/html/vendor/laravel/framework/src/Illuminate/Routing/RouteRegistrar.php(135): Illuminate\\Routing\\Router->group(Array, '/usr/share/ngin...')
#13 /usr/share/nginx/html/app/Providers/RouteServiceProvider.php(48): Illuminate\\Routing\\RouteRegistrar->group('/usr/share/ngin...')
#14 /usr/share/nginx/html/vendor/laravel/framework/src/Illuminate/Container/BoundMethod.php(36): App\\Providers\\RouteServiceProvider->App\\Providers\\{closure}()
#15 /usr/share/nginx/html/vendor/laravel/framework/src/Illuminate/Container/Util.php(40): Illuminate\\Container\\BoundMethod::Illuminate\\Container\\{closure}()
#16 /usr/share/nginx/html/vendor/laravel/framework/src/Illuminate/Container/BoundMethod.php(81): Illuminate\\Container\\Util::unwrapIfClosure(Object(Closure))
#17 /usr/share/nginx/html/vendor/laravel/framework/src/Illuminate/Container/BoundMethod.php(37): Illuminate\\Container\\BoundMethod::callBoundMethod(Object(Illuminate\\Foundation\\Application), Object(Closure), Object(Closure))
#18 /usr/share/nginx/html/vendor/laravel/framework/src/Illuminate/Container/Container.php(610): Illuminate\\Container\\BoundMethod::call(Object(Illuminate\\Foundation\\Application), Object(Closure), Array, NULL)
#19 /usr/share/nginx/html/vendor/laravel/framework/src/Illuminate/Foundation/Support/Providers/RouteServiceProvider.php(120): Illuminate\\Container\\Container->call(Object(Closure))
#20 /usr/share/nginx/html/vendor/laravel/framework/src/Illuminate/Foundation/Support/Providers/RouteServiceProvider.php(45): Illuminate\\Foundation\\Support\\Providers\\RouteServiceProvider->loadRoutes()
#21 /usr/share/nginx/html/vendor/laravel/framework/src/Illuminate/Container/BoundMethod.php(36): Illuminate\\Foundation\\Support\\Providers\\RouteServiceProvider->Illuminate\\Foundation\\Support\\Providers\\{closure}()
#22 /usr/share/nginx/html/vendor/laravel/framework/src/Illuminate/Container/Util.php(40): Illuminate\\Container\\BoundMethod::Illuminate\\Container\\{closure}()
#23 /usr/share/nginx/html/vendor/laravel/framework/src/Illuminate/Container/BoundMethod.php(81): Illuminate\\Container\\Util::unwrapIfClosure(Object(Closure))
#24 /usr/share/nginx/html/vendor/laravel/framework/src/Illuminate/Container/BoundMethod.php(37): Illuminate\\Container\\BoundMethod::callBoundMethod(Object(Illuminate\\Foundation\\Application), Object(Closure), Object(Closure))
#25 /usr/share/nginx/html/vendor/laravel/framework/src/Illuminate/Container/Container.php(610): Illuminate\\Container\\BoundMethod::call(Object(Illuminate\\Foundation\\Application), Object(Closure), Array, NULL)
#26 /usr/share/nginx/html/vendor/laravel/framework/src/Illuminate/Support/ServiceProvider.php(113): Illuminate\\Container\\Container->call(Object(Closure))
#27 /usr/share/nginx/html/vendor/laravel/framework/src/Illuminate/Foundation/Application.php(872): Illuminate\\Support\\ServiceProvider->callBootedCallbacks()
#28 /usr/share/nginx/html/vendor/laravel/framework/src/Illuminate/Foundation/Application.php(850): Illuminate\\Foundation\\Application->bootProvider(Object(App\\Providers\\RouteServiceProvider))
#29 [internal function]: Illuminate\\Foundation\\Application->Illuminate\\Foundation\\{closure}(Object(App\\Providers\\RouteServiceProvider), 31)
#30 /usr/share/nginx/html/vendor/laravel/framework/src/Illuminate/Foundation/Application.php(851): array_walk(Array, Object(Closure))
#31 /usr/share/nginx/html/vendor/laravel/framework/src/Illuminate/Foundation/Bootstrap/BootProviders.php(17): Illuminate\\Foundation\\Application->boot()
#32 /usr/share/nginx/html/vendor/laravel/framework/src/Illuminate/Foundation/Application.php(230): Illuminate\\Foundation\\Bootstrap\\BootProviders->bootstrap(Object(Illuminate\\Foundation\\Application))
#33 /usr/share/nginx/html/vendor/laravel/framework/src/Illuminate/Foundation/Http/Kernel.php(152): Illuminate\\Foundation\\Application->bootstrapWith(Array)
#34 /usr/share/nginx/html/vendor/laravel/framework/src/Illuminate/Foundation/Http/Kernel.php(136): Illuminate\\Foundation\\Http\\Kernel->bootstrap()
#35 /usr/share/nginx/html/vendor/laravel/framework/src/Illuminate/Foundation/Http/Kernel.php(110): Illuminate\\Foundation\\Http\\Kernel->sendRequestThroughRouter(Object(Illuminate\\Http\\Request))
#36 /usr/share/nginx/html/public/index.php(52): Illuminate\\Foundation\\Http\\Kernel->handle(Object(Illuminate\\Http\\Request))
#37 {main}
"} 
[2020-11-27 17:37:31] local.ERROR: Invalid route action: [PinController]. {"exception":"[object] (UnexpectedValueException(code: 0): Invalid route action: [PinController]. at /usr/share/nginx/html/vendor/laravel/framework/src/Illuminate/Routing/RouteAction.php:92)
[stacktrace]
#0 /usr/share/nginx/html/vendor/laravel/framework/src/Illuminate/Routing/RouteAction.php(47): Illuminate\\Routing\\RouteAction::makeInvokable('PinController')
#1 /usr/share/nginx/html/vendor/laravel/framework/src/Illuminate/Routing/Route.php(183): Illuminate\\Routing\\RouteAction::parse('pin/store', Array)
#2 /usr/share/nginx/html/vendor/laravel/framework/src/Illuminate/Routing/Route.php(164): Illuminate\\Routing\\Route->parseAction(Array)
#3 /usr/share/nginx/html/vendor/laravel/framework/src/Illuminate/Routing/Router.php(556): Illuminate\\Routing\\Route->__construct('POST', 'pin/store', Array)
#4 /usr/share/nginx/html/vendor/laravel/framework/src/Illuminate/Routing/Router.php(475): Illuminate\\Routing\\Router->newRoute('POST', 'pin/store', Array)
#5 /usr/share/nginx/html/vendor/laravel/framework/src/Illuminate/Routing/Router.php(454): Illuminate\\Routing\\Router->createRoute('POST', 'pin/store', Array)
#6 /usr/share/nginx/html/vendor/laravel/framework/src/Illuminate/Routing/Router.php(158): Illuminate\\Routing\\Router->addRoute('POST', 'pin/store', 'PinController')
#7 /usr/share/nginx/html/vendor/laravel/framework/src/Illuminate/Support/Facades/Facade.php(261): Illuminate\\Routing\\Router->post('pin/store', 'PinController')
#8 /usr/share/nginx/html/routes/web.php(33): Illuminate\\Support\\Facades\\Facade::__callStatic('post', Array)
#9 /usr/share/nginx/html/vendor/laravel/framework/src/Illuminate/Routing/RouteFileRegistrar.php(35): require('/usr/share/ngin...')
#10 /usr/share/nginx/html/vendor/laravel/framework/src/Illuminate/Routing/Router.php(424): Illuminate\\Routing\\RouteFileRegistrar->register('/usr/share/ngin...')
#11 /usr/share/nginx/html/vendor/laravel/framework/src/Illuminate/Routing/Router.php(381): Illuminate\\Routing\\Router->loadRoutes('/usr/share/ngin...')
#12 /usr/share/nginx/html/vendor/laravel/framework/src/Illuminate/Routing/RouteRegistrar.php(135): Illuminate\\Routing\\Router->group(Array, '/usr/share/ngin...')
#13 /usr/share/nginx/html/app/Providers/RouteServiceProvider.php(48): Illuminate\\Routing\\RouteRegistrar->group('/usr/share/ngin...')
#14 /usr/share/nginx/html/vendor/laravel/framework/src/Illuminate/Container/BoundMethod.php(36): App\\Providers\\RouteServiceProvider->App\\Providers\\{closure}()
#15 /usr/share/nginx/html/vendor/laravel/framework/src/Illuminate/Container/Util.php(40): Illuminate\\Container\\BoundMethod::Illuminate\\Container\\{closure}()
#16 /usr/share/nginx/html/vendor/laravel/framework/src/Illuminate/Container/BoundMethod.php(81): Illuminate\\Container\\Util::unwrapIfClosure(Object(Closure))
#17 /usr/share/nginx/html/vendor/laravel/framework/src/Illuminate/Container/BoundMethod.php(37): Illuminate\\Container\\BoundMethod::callBoundMethod(Object(Illuminate\\Foundation\\Application), Object(Closure), Object(Closure))
#18 /usr/share/nginx/html/vendor/laravel/framework/src/Illuminate/Container/Container.php(610): Illuminate\\Container\\BoundMethod::call(Object(Illuminate\\Foundation\\Application), Object(Closure), Array, NULL)
#19 /usr/share/nginx/html/vendor/laravel/framework/src/Illuminate/Foundation/Support/Providers/RouteServiceProvider.php(120): Illuminate\\Container\\Container->call(Object(Closure))
#20 /usr/share/nginx/html/vendor/laravel/framework/src/Illuminate/Foundation/Support/Providers/RouteServiceProvider.php(45): Illuminate\\Foundation\\Support\\Providers\\RouteServiceProvider->loadRoutes()
#21 /usr/share/nginx/html/vendor/laravel/framework/src/Illuminate/Container/BoundMethod.php(36): Illuminate\\Foundation\\Support\\Providers\\RouteServiceProvider->Illuminate\\Foundation\\Support\\Providers\\{closure}()
#22 /usr/share/nginx/html/vendor/laravel/framework/src/Illuminate/Container/Util.php(40): Illuminate\\Container\\BoundMethod::Illuminate\\Container\\{closure}()
#23 /usr/share/nginx/html/vendor/laravel/framework/src/Illuminate/Container/BoundMethod.php(81): Illuminate\\Container\\Util::unwrapIfClosure(Object(Closure))
#24 /usr/share/nginx/html/vendor/laravel/framework/src/Illuminate/Container/BoundMethod.php(37): Illuminate\\Container\\BoundMethod::callBoundMethod(Object(Illuminate\\Foundation\\Application), Object(Closure), Object(Closure))
#25 /usr/share/nginx/html/vendor/laravel/framework/src/Illuminate/Container/Container.php(610): Illuminate\\Container\\BoundMethod::call(Object(Illuminate\\Foundation\\Application), Object(Closure), Array, NULL)
#26 /usr/share/nginx/html/vendor/laravel/framework/src/Illuminate/Support/ServiceProvider.php(113): Illuminate\\Container\\Container->call(Object(Closure))
#27 /usr/share/nginx/html/vendor/laravel/framework/src/Illuminate/Foundation/Application.php(872): Illuminate\\Support\\ServiceProvider->callBootedCallbacks()
#28 /usr/share/nginx/html/vendor/laravel/framework/src/Illuminate/Foundation/Application.php(850): Illuminate\\Foundation\\Application->bootProvider(Object(App\\Providers\\RouteServiceProvider))
#29 [internal function]: Illuminate\\Foundation\\Application->Illuminate\\Foundation\\{closure}(Object(App\\Providers\\RouteServiceProvider), 31)
#30 /usr/share/nginx/html/vendor/laravel/framework/src/Illuminate/Foundation/Application.php(851): array_walk(Array, Object(Closure))
#31 /usr/share/nginx/html/vendor/laravel/framework/src/Illuminate/Foundation/Bootstrap/BootProviders.php(17): Illuminate\\Foundation\\Application->boot()
#32 /usr/share/nginx/html/vendor/laravel/framework/src/Illuminate/Foundation/Application.php(230): Illuminate\\Foundation\\Bootstrap\\BootProviders->bootstrap(Object(Illuminate\\Foundation\\Application))
#33 /usr/share/nginx/html/vendor/laravel/framework/src/Illuminate/Foundation/Http/Kernel.php(152): Illuminate\\Foundation\\Application->bootstrapWith(Array)
#34 /usr/share/nginx/html/vendor/laravel/framework/src/Illuminate/Foundation/Http/Kernel.php(136): Illuminate\\Foundation\\Http\\Kernel->bootstrap()
#35 /usr/share/nginx/html/vendor/laravel/framework/src/Illuminate/Foundation/Http/Kernel.php(110): Illuminate\\Foundation\\Http\\Kernel->sendRequestThroughRouter(Object(Illuminate\\Http\\Request))
#36 /usr/share/nginx/html/public/index.php(52): Illuminate\\Foundation\\Http\\Kernel->handle(Object(Illuminate\\Http\\Request))
#37 {main}
"} 
[2020-11-27 17:37:32] local.ERROR: Invalid route action: [PinController]. {"exception":"[object] (UnexpectedValueException(code: 0): Invalid route action: [PinController]. at /usr/share/nginx/html/vendor/laravel/framework/src/Illuminate/Routing/RouteAction.php:92)
[stacktrace]
#0 /usr/share/nginx/html/vendor/laravel/framework/src/Illuminate/Routing/RouteAction.php(47): Illuminate\\Routing\\RouteAction::makeInvokable('PinController')
#1 /usr/share/nginx/html/vendor/laravel/framework/src/Illuminate/Routing/Route.php(183): Illuminate\\Routing\\RouteAction::parse('pin/store', Array)
#2 /usr/share/nginx/html/vendor/laravel/framework/src/Illuminate/Routing/Route.php(164): Illuminate\\Routing\\Route->parseAction(Array)
#3 /usr/share/nginx/html/vendor/laravel/framework/src/Illuminate/Routing/Router.php(556): Illuminate\\Routing\\Route->__construct('POST', 'pin/store', Array)
#4 /usr/share/nginx/html/vendor/laravel/framework/src/Illuminate/Routing/Router.php(475): Illuminate\\Routing\\Router->newRoute('POST', 'pin/store', Array)
#5 /usr/share/nginx/html/vendor/laravel/framework/src/Illuminate/Routing/Router.php(454): Illuminate\\Routing\\Router->createRoute('POST', 'pin/store', Array)
#6 /usr/share/nginx/html/vendor/laravel/framework/src/Illuminate/Routing/Router.php(158): Illuminate\\Routing\\Router->addRoute('POST', 'pin/store', 'PinController')
#7 /usr/share/nginx/html/vendor/laravel/framework/src/Illuminate/Support/Facades/Facade.php(261): Illuminate\\Routing\\Router->post('pin/store', 'PinController')
#8 /usr/share/nginx/html/routes/web.php(33): Illuminate\\Support\\Facades\\Facade::__callStatic('post', Array)
#9 /usr/share/nginx/html/vendor/laravel/framework/src/Illuminate/Routing/RouteFileRegistrar.php(35): require('/usr/share/ngin...')
#10 /usr/share/nginx/html/vendor/laravel/framework/src/Illuminate/Routing/Router.php(424): Illuminate\\Routing\\RouteFileRegistrar->register('/usr/share/ngin...')
#11 /usr/share/nginx/html/vendor/laravel/framework/src/Illuminate/Routing/Router.php(381): Illuminate\\Routing\\Router->loadRoutes('/usr/share/ngin...')
#12 /usr/share/nginx/html/vendor/laravel/framework/src/Illuminate/Routing/RouteRegistrar.php(135): Illuminate\\Routing\\Router->group(Array, '/usr/share/ngin...')
#13 /usr/share/nginx/html/app/Providers/RouteServiceProvider.php(48): Illuminate\\Routing\\RouteRegistrar->group('/usr/share/ngin...')
#14 /usr/share/nginx/html/vendor/laravel/framework/src/Illuminate/Container/BoundMethod.php(36): App\\Providers\\RouteServiceProvider->App\\Providers\\{closure}()
#15 /usr/share/nginx/html/vendor/laravel/framework/src/Illuminate/Container/Util.php(40): Illuminate\\Container\\BoundMethod::Illuminate\\Container\\{closure}()
#16 /usr/share/nginx/html/vendor/laravel/framework/src/Illuminate/Container/BoundMethod.php(81): Illuminate\\Container\\Util::unwrapIfClosure(Object(Closure))
#17 /usr/share/nginx/html/vendor/laravel/framework/src/Illuminate/Container/BoundMethod.php(37): Illuminate\\Container\\BoundMethod::callBoundMethod(Object(Illuminate\\Foundation\\Application), Object(Closure), Object(Closure))
#18 /usr/share/nginx/html/vendor/laravel/framework/src/Illuminate/Container/Container.php(610): Illuminate\\Container\\BoundMethod::call(Object(Illuminate\\Foundation\\Application), Object(Closure), Array, NULL)
#19 /usr/share/nginx/html/vendor/laravel/framework/src/Illuminate/Foundation/Support/Providers/RouteServiceProvider.php(120): Illuminate\\Container\\Container->call(Object(Closure))
#20 /usr/share/nginx/html/vendor/laravel/framework/src/Illuminate/Foundation/Support/Providers/RouteServiceProvider.php(45): Illuminate\\Foundation\\Support\\Providers\\RouteServiceProvider->loadRoutes()
#21 /usr/share/nginx/html/vendor/laravel/framework/src/Illuminate/Container/BoundMethod.php(36): Illuminate\\Foundation\\Support\\Providers\\RouteServiceProvider->Illuminate\\Foundation\\Support\\Providers\\{closure}()
#22 /usr/share/nginx/html/vendor/laravel/framework/src/Illuminate/Container/Util.php(40): Illuminate\\Container\\BoundMethod::Illuminate\\Container\\{closure}()
#23 /usr/share/nginx/html/vendor/laravel/framework/src/Illuminate/Container/BoundMethod.php(81): Illuminate\\Container\\Util::unwrapIfClosure(Object(Closure))
#24 /usr/share/nginx/html/vendor/laravel/framework/src/Illuminate/Container/BoundMethod.php(37): Illuminate\\Container\\BoundMethod::callBoundMethod(Object(Illuminate\\Foundation\\Application), Object(Closure), Object(Closure))
#25 /usr/share/nginx/html/vendor/laravel/framework/src/Illuminate/Container/Container.php(610): Illuminate\\Container\\BoundMethod::call(Object(Illuminate\\Foundation\\Application), Object(Closure), Array, NULL)
#26 /usr/share/nginx/html/vendor/laravel/framework/src/Illuminate/Support/ServiceProvider.php(113): Illuminate\\Container\\Container->call(Object(Closure))
#27 /usr/share/nginx/html/vendor/laravel/framework/src/Illuminate/Foundation/Application.php(872): Illuminate\\Support\\ServiceProvider->callBootedCallbacks()
#28 /usr/share/nginx/html/vendor/laravel/framework/src/Illuminate/Foundation/Application.php(850): Illuminate\\Foundation\\Application->bootProvider(Object(App\\Providers\\RouteServiceProvider))
#29 [internal function]: Illuminate\\Foundation\\Application->Illuminate\\Foundation\\{closure}(Object(App\\Providers\\RouteServiceProvider), 31)
#30 /usr/share/nginx/html/vendor/laravel/framework/src/Illuminate/Foundation/Application.php(851): array_walk(Array, Object(Closure))
#31 /usr/share/nginx/html/vendor/laravel/framework/src/Illuminate/Foundation/Bootstrap/BootProviders.php(17): Illuminate\\Foundation\\Application->boot()
#32 /usr/share/nginx/html/vendor/laravel/framework/src/Illuminate/Foundation/Application.php(230): Illuminate\\Foundation\\Bootstrap\\BootProviders->bootstrap(Object(Illuminate\\Foundation\\Application))
#33 /usr/share/nginx/html/vendor/laravel/framework/src/Illuminate/Foundation/Http/Kernel.php(152): Illuminate\\Foundation\\Application->bootstrapWith(Array)
#34 /usr/share/nginx/html/vendor/laravel/framework/src/Illuminate/Foundation/Http/Kernel.php(136): Illuminate\\Foundation\\Http\\Kernel->bootstrap()
#35 /usr/share/nginx/html/vendor/laravel/framework/src/Illuminate/Foundation/Http/Kernel.php(110): Illuminate\\Foundation\\Http\\Kernel->sendRequestThroughRouter(Object(Illuminate\\Http\\Request))
#36 /usr/share/nginx/html/public/index.php(52): Illuminate\\Foundation\\Http\\Kernel->handle(Object(Illuminate\\Http\\Request))
#37 {main}
"} 
